Looking for git in: git
Using git 2.25.1 from git
> git rev-parse --git-dir
Open repository: /home/zejr/Works/Globo/tvg-novo-flow-frontend
> git status -z -u
> git symbolic-ref --short HEAD
> git for-each-ref --format=%(refname)%00%(upstream:short)%00%(upstream:track)%00%(objectname) refs/heads/feature/LDIGO-738 refs/remotes/feature/LDIGO-738
> git for-each-ref --sort -committerdate --format %(refname) %(objectname) %(*objectname)
> git remote --verbose
> git config --get commit.template
> git show --textconv :src/SharedComponents/ProtectedRoutes/ProtectedRoutes.tsx
> git ls-files --stage -- /home/zejr/Works/Globo/tvg-novo-flow-frontend/src/SharedComponents/ProtectedRoutes/ProtectedRoutes.tsx
> git cat-file -s 79bfc9c3911080727afa44b71be68ae60d8c4ecd
> git check-ignore -v -z --stdin
> git status -z -u
> git symbolic-ref --short HEAD
> git ls-files --stage -- /home/zejr/Works/Globo/tvg-novo-flow-frontend/src/SharedComponents/ProtectedRoutes/ProtectedRoutes.tsx
> git for-each-ref --format=%(refname)%00%(upstream:short)%00%(upstream:track)%00%(objectname) refs/heads/feature/LDIGO-738 refs/remotes/feature/LDIGO-738
> git cat-file -s 79bfc9c3911080727afa44b71be68ae60d8c4ecd
> git for-each-ref --sort -committerdate --format %(refname) %(objectname) %(*objectname)
> git remote --verbose
> git show --textconv :src/SharedComponents/ProtectedRoutes/ProtectedRoutes.tsx
> git config --get commit.template
> git check-ignore -v -z --stdin
> git status -z -u
> git symbolic-ref --short HEAD
> git for-each-ref --format=%(refname)%00%(upstream:short)%00%(upstream:track)%00%(objectname) refs/heads/feature/LDIGO-738 refs/remotes/feature/LDIGO-738
> git for-each-ref --sort -committerdate --format %(refname) %(objectname) %(*objectname)
> git remote --verbose
> git config --get commit.template
> git ls-files --stage -- /home/zejr/Works/Globo/tvg-novo-flow-frontend/src/SharedComponents/ProtectedRoutes/ProtectedRoutes.tsx
> git cat-file -s 79bfc9c3911080727afa44b71be68ae60d8c4ecd
> git show --textconv :src/SharedComponents/ProtectedRoutes/ProtectedRoutes.tsx
> git status -z -u
> git symbolic-ref --short HEAD
> git for-each-ref --format=%(refname)%00%(upstream:short)%00%(upstream:track)%00%(objectname) refs/heads/feature/LDIGO-738 refs/remotes/feature/LDIGO-738
> git for-each-ref --sort -committerdate --format %(refname) %(objectname) %(*objectname)
> git remote --verbose
> git config --get commit.template
> git status -z -u
> git symbolic-ref --short HEAD
> git for-each-ref --format=%(refname)%00%(upstream:short)%00%(upstream:track)%00%(objectname) refs/heads/feature/LDIGO-738 refs/remotes/feature/LDIGO-738
> git for-each-ref --sort -committerdate --format %(refname) %(objectname) %(*objectname)
> git remote --verbose
> git config --get commit.template
> git ls-files --stage -- /home/zejr/Works/Globo/tvg-novo-flow-frontend/src/SharedComponents/ProtectedRoutes/ProtectedRoutes.tsx
> git cat-file -s 79bfc9c3911080727afa44b71be68ae60d8c4ecd
> git show --textconv :src/SharedComponents/ProtectedRoutes/ProtectedRoutes.tsx
> git status -z -u
> git symbolic-ref --short HEAD
> git for-each-ref --format=%(refname)%00%(upstream:short)%00%(upstream:track)%00%(objectname) refs/heads/feature/LDIGO-738 refs/remotes/feature/LDIGO-738
> git for-each-ref --sort -committerdate --format %(refname) %(objectname) %(*objectname)
> git remote --verbose
> git config --get commit.template
> git ls-files --stage -- /home/zejr/Works/Globo/tvg-novo-flow-frontend/src/SharedComponents/ProtectedRoutes/ProtectedRoutes.tsx
> git cat-file -s 79bfc9c3911080727afa44b71be68ae60d8c4ecd
> git show --textconv :src/SharedComponents/ProtectedRoutes/ProtectedRoutes.tsx
> git status -z -u
> git symbolic-ref --short HEAD
> git for-each-ref --format=%(refname)%00%(upstream:short)%00%(upstream:track)%00%(objectname) refs/heads/feature/LDIGO-738 refs/remotes/feature/LDIGO-738
> git for-each-ref --sort -committerdate --format %(refname) %(objectname) %(*objectname)
> git remote --verbose
> git config --get commit.template
> git ls-files --stage -- /home/zejr/Works/Globo/tvg-novo-flow-frontend/src/SharedComponents/ProtectedRoutes/ProtectedRoutes.tsx
> git cat-file -s 2e01653f1ac8730d0a637e304632c2a5ca704e97
> git show --textconv :src/SharedComponents/ProtectedRoutes/ProtectedRoutes.tsx
> git check-ignore -v -z --stdin
> git status -z -u
> git symbolic-ref --short HEAD
> git for-each-ref --format=%(refname)%00%(upstream:short)%00%(upstream:track)%00%(objectname) refs/heads/develop refs/remotes/develop
> git for-each-ref --sort -committerdate --format %(refname) %(objectname) %(*objectname)
> git remote --verbose
> git config --get commit.template
> git ls-files --stage -- /home/zejr/Works/Globo/tvg-novo-flow-frontend/src/SharedComponents/ProtectedRoutes/ProtectedRoutes.tsx
> git cat-file -s 79bfc9c3911080727afa44b71be68ae60d8c4ecd
> git show --textconv :src/SharedComponents/ProtectedRoutes/ProtectedRoutes.tsx
> git status -z -u
> git symbolic-ref --short HEAD
> git for-each-ref --format=%(refname)%00%(upstream:short)%00%(upstream:track)%00%(objectname) refs/heads/develop refs/remotes/develop
> git for-each-ref --sort -committerdate --format %(refname) %(objectname) %(*objectname)
> git remote --verbose
> git config --get commit.template
