[Info  - 17:23:24.833] Refreshing token...
[Error  - 17:23:30.142] Unexpected token k in JSON at position 1
[Info  - 17:23:30.142] Failed to fetch token claims from access_token. Attempting to parse id_token instead
[Info  - 17:23:30.142] Token refresh success
[Info  - 17:23:30.148] Token available from cache, expires in 3598994 milliseconds
[Info  - 17:23:30.153] Token available from cache, expires in 3598989 milliseconds
[Info  - 18:22:59.143] Refreshing token...
[Error  - 18:23:19.171] Refreshing token failed
[Info  - 18:23:19.175] Token expired or unavailable, trying refresh
[Info  - 18:23:19.175] Refreshing token...
[Info  - 18:23:19.188] Token expired or unavailable, trying refresh
[Info  - 18:23:19.188] Refreshing token...
[Info  - 18:23:24.173] Refreshing token...
[Error  - 18:23:39.199] Refreshing token failed
[Error  - 18:23:39.211] Refreshing token failed
[Error  - 18:23:59.215] Refreshing token failed
[Info  - 18:24:19.215] Refreshing token...
[Error  - 18:24:39.244] Refreshing token failed
[Error  - 18:24:39.244] Token refresh failed after 3 attempts
[Info  - 18:54:39.244] Refreshing token...
[Error  - 18:54:59.271] Refreshing token failed
[Info  - 19:24:59.272] Refreshing token...
[Error  - 19:25:19.299] Refreshing token failed
[Info  - 19:55:19.299] Refreshing token...
[Error  - 19:55:39.327] Refreshing token failed
[Info  - 20:25:39.327] Refreshing token...
[Error  - 20:25:59.355] Refreshing token failed
[Info  - 20:55:59.356] Refreshing token...
[Error  - 20:56:19.383] Refreshing token failed
[Info  - 21:26:19.384] Refreshing token...
[Error  - 21:26:39.412] Refreshing token failed
[Info  - 21:56:39.413] Refreshing token...
[Error  - 21:56:39.752] Unexpected token B in JSON at position 0
[Info  - 21:56:39.752] Failed to fetch token claims from access_token. Attempting to parse id_token instead
[Info  - 21:56:39.752] Token refresh success
[Info  - 22:56:08.752] Refreshing token...
[Error  - 22:56:09.110] Unexpected token R in JSON at position 0
[Info  - 22:56:09.110] Failed to fetch token claims from access_token. Attempting to parse id_token instead
[Info  - 22:56:09.110] Token refresh success
[Info  - 22:56:09.113] Token available from cache, expires in 3598997 milliseconds
[Info  - 22:56:09.117] Token available from cache, expires in 3598993 milliseconds
[Info  - 22:56:09.131] Token available from cache, expires in 3598979 milliseconds
[Info  - 23:55:38.111] Refreshing token...
[Error  - 23:55:58.139] Refreshing token failed
[Info  - 23:55:58.142] Token expired or unavailable, trying refresh
[Info  - 23:55:58.142] Refreshing token...
[Info  - 23:55:58.154] Token expired or unavailable, trying refresh
[Info  - 23:55:58.154] Refreshing token...
[Info  - 23:56:03.140] Refreshing token...
[Error  - 23:56:18.167] Refreshing token failed
[Error  - 23:56:18.179] Refreshing token failed
[Error  - 23:56:38.183] Refreshing token failed
[Info  - 23:56:58.183] Refreshing token...
[Error  - 23:57:18.211] Refreshing token failed
[Error  - 23:57:18.211] Token refresh failed after 3 attempts
