[2021-03-23 14:53:48.306] [renderer1] [error] getaddrinfo EAI_AGAIN default.exp-tas.com: Error: getaddrinfo EAI_AGAIN default.exp-tas.com
	at GetAddrInfoReqWrap.onlookup [as oncomplete] (dns.js:66:26)
[2021-03-23 14:53:51.109] [renderer1] [error] getaddrinfo EAI_AGAIN default.exp-tas.com: Error: getaddrinfo EAI_AGAIN default.exp-tas.com
	at GetAddrInfoReqWrap.onlookup [as oncomplete] (dns.js:66:26)
[2021-03-23 15:23:28.275] [renderer1] [error] getaddrinfo EAI_AGAIN default.exp-tas.com: Error: getaddrinfo EAI_AGAIN default.exp-tas.com
	at GetAddrInfoReqWrap.onlookup [as oncomplete] (dns.js:66:26)
[2021-03-23 15:23:31.079] [renderer1] [error] getaddrinfo EAI_AGAIN default.exp-tas.com: Error: getaddrinfo EAI_AGAIN default.exp-tas.com
	at GetAddrInfoReqWrap.onlookup [as oncomplete] (dns.js:66:26)
[2021-03-23 15:23:39.202] [renderer1] [error] No authentication provider 'microsoft' is currently registered.: Error: No authentication provider 'microsoft' is currently registered.
    at A.getSessions (file:///usr/share/code/resources/app/out/vs/workbench/workbench.desktop.main.js:1850:47079)
    at async fi.getAccounts (file:///usr/share/code/resources/app/out/vs/workbench/workbench.desktop.main.js:2014:10558)
    at async fi.update (file:///usr/share/code/resources/app/out/vs/workbench/workbench.desktop.main.js:2014:10295)
[2021-03-23 15:53:28.273] [renderer1] [error] getaddrinfo EAI_AGAIN default.exp-tas.com: Error: getaddrinfo EAI_AGAIN default.exp-tas.com
	at GetAddrInfoReqWrap.onlookup [as oncomplete] (dns.js:66:26)
[2021-03-23 15:53:31.082] [renderer1] [error] getaddrinfo EAI_AGAIN default.exp-tas.com: Error: getaddrinfo EAI_AGAIN default.exp-tas.com
	at GetAddrInfoReqWrap.onlookup [as oncomplete] (dns.js:66:26)
[2021-03-23 16:23:28.276] [renderer1] [error] getaddrinfo EAI_AGAIN default.exp-tas.com: Error: getaddrinfo EAI_AGAIN default.exp-tas.com
	at GetAddrInfoReqWrap.onlookup [as oncomplete] (dns.js:66:26)
[2021-03-23 16:23:31.081] [renderer1] [error] getaddrinfo EAI_AGAIN default.exp-tas.com: Error: getaddrinfo EAI_AGAIN default.exp-tas.com
	at GetAddrInfoReqWrap.onlookup [as oncomplete] (dns.js:66:26)
[2021-03-23 16:53:28.277] [renderer1] [error] getaddrinfo EAI_AGAIN default.exp-tas.com: Error: getaddrinfo EAI_AGAIN default.exp-tas.com
	at GetAddrInfoReqWrap.onlookup [as oncomplete] (dns.js:66:26)
[2021-03-23 16:53:31.082] [renderer1] [error] getaddrinfo EAI_AGAIN default.exp-tas.com: Error: getaddrinfo EAI_AGAIN default.exp-tas.com
	at GetAddrInfoReqWrap.onlookup [as oncomplete] (dns.js:66:26)
[2021-03-23 17:23:28.278] [renderer1] [error] getaddrinfo EAI_AGAIN default.exp-tas.com: Error: getaddrinfo EAI_AGAIN default.exp-tas.com
	at GetAddrInfoReqWrap.onlookup [as oncomplete] (dns.js:66:26)
[2021-03-23 17:23:31.081] [renderer1] [error] getaddrinfo EAI_AGAIN default.exp-tas.com: Error: getaddrinfo EAI_AGAIN default.exp-tas.com
	at GetAddrInfoReqWrap.onlookup [as oncomplete] (dns.js:66:26)
[2021-03-23 17:53:28.277] [renderer1] [error] getaddrinfo EAI_AGAIN default.exp-tas.com: Error: getaddrinfo EAI_AGAIN default.exp-tas.com
	at GetAddrInfoReqWrap.onlookup [as oncomplete] (dns.js:66:26)
[2021-03-23 17:53:31.083] [renderer1] [error] getaddrinfo EAI_AGAIN default.exp-tas.com: Error: getaddrinfo EAI_AGAIN default.exp-tas.com
	at GetAddrInfoReqWrap.onlookup [as oncomplete] (dns.js:66:26)
[2021-03-23 18:23:28.276] [renderer1] [error] getaddrinfo EAI_AGAIN default.exp-tas.com: Error: getaddrinfo EAI_AGAIN default.exp-tas.com
	at GetAddrInfoReqWrap.onlookup [as oncomplete] (dns.js:66:26)
[2021-03-23 18:23:31.085] [renderer1] [error] getaddrinfo EAI_AGAIN default.exp-tas.com: Error: getaddrinfo EAI_AGAIN default.exp-tas.com
	at GetAddrInfoReqWrap.onlookup [as oncomplete] (dns.js:66:26)
[2021-03-23 18:53:28.276] [renderer1] [error] getaddrinfo EAI_AGAIN default.exp-tas.com: Error: getaddrinfo EAI_AGAIN default.exp-tas.com
	at GetAddrInfoReqWrap.onlookup [as oncomplete] (dns.js:66:26)
[2021-03-23 18:53:31.085] [renderer1] [error] getaddrinfo EAI_AGAIN default.exp-tas.com: Error: getaddrinfo EAI_AGAIN default.exp-tas.com
	at GetAddrInfoReqWrap.onlookup [as oncomplete] (dns.js:66:26)
[2021-03-23 19:23:28.278] [renderer1] [error] getaddrinfo EAI_AGAIN default.exp-tas.com: Error: getaddrinfo EAI_AGAIN default.exp-tas.com
	at GetAddrInfoReqWrap.onlookup [as oncomplete] (dns.js:66:26)
[2021-03-23 19:23:31.085] [renderer1] [error] getaddrinfo EAI_AGAIN default.exp-tas.com: Error: getaddrinfo EAI_AGAIN default.exp-tas.com
	at GetAddrInfoReqWrap.onlookup [as oncomplete] (dns.js:66:26)
[2021-03-23 19:53:28.279] [renderer1] [error] getaddrinfo EAI_AGAIN default.exp-tas.com: Error: getaddrinfo EAI_AGAIN default.exp-tas.com
	at GetAddrInfoReqWrap.onlookup [as oncomplete] (dns.js:66:26)
[2021-03-23 19:53:31.086] [renderer1] [error] getaddrinfo EAI_AGAIN default.exp-tas.com: Error: getaddrinfo EAI_AGAIN default.exp-tas.com
	at GetAddrInfoReqWrap.onlookup [as oncomplete] (dns.js:66:26)
[2021-03-23 20:23:28.279] [renderer1] [error] getaddrinfo EAI_AGAIN default.exp-tas.com: Error: getaddrinfo EAI_AGAIN default.exp-tas.com
	at GetAddrInfoReqWrap.onlookup [as oncomplete] (dns.js:66:26)
[2021-03-23 20:23:31.086] [renderer1] [error] getaddrinfo EAI_AGAIN default.exp-tas.com: Error: getaddrinfo EAI_AGAIN default.exp-tas.com
	at GetAddrInfoReqWrap.onlookup [as oncomplete] (dns.js:66:26)
[2021-03-23 20:53:28.280] [renderer1] [error] getaddrinfo EAI_AGAIN default.exp-tas.com: Error: getaddrinfo EAI_AGAIN default.exp-tas.com
	at GetAddrInfoReqWrap.onlookup [as oncomplete] (dns.js:66:26)
[2021-03-23 20:53:31.088] [renderer1] [error] getaddrinfo EAI_AGAIN default.exp-tas.com: Error: getaddrinfo EAI_AGAIN default.exp-tas.com
	at GetAddrInfoReqWrap.onlookup [as oncomplete] (dns.js:66:26)
[2021-03-23 20:56:18.169] [renderer1] [error] No authentication provider 'microsoft' is currently registered.: Error: No authentication provider 'microsoft' is currently registered.
    at A.getSessions (file:///usr/share/code/resources/app/out/vs/workbench/workbench.desktop.main.js:1850:47079)
    at async fi.getAccounts (file:///usr/share/code/resources/app/out/vs/workbench/workbench.desktop.main.js:2014:10558)
    at async fi.update (file:///usr/share/code/resources/app/out/vs/workbench/workbench.desktop.main.js:2014:10295)
[2021-03-23 21:23:28.278] [renderer1] [error] getaddrinfo EAI_AGAIN default.exp-tas.com: Error: getaddrinfo EAI_AGAIN default.exp-tas.com
	at GetAddrInfoReqWrap.onlookup [as oncomplete] (dns.js:66:26)
[2021-03-23 21:23:31.087] [renderer1] [error] getaddrinfo EAI_AGAIN default.exp-tas.com: Error: getaddrinfo EAI_AGAIN default.exp-tas.com
	at GetAddrInfoReqWrap.onlookup [as oncomplete] (dns.js:66:26)
