[2021-03-22 14:03:52.448] [exthost] [info] extension host started
[2021-03-22 14:03:52.495] [exthost] [info] ExtensionService#_doActivateExtension vscode.microsoft-authentication {"startup":false,"extensionId":{"value":"vscode.microsoft-authentication","_lower":"vscode.microsoft-authentication"},"activationEvent":"onAuthenticationRequest:microsoft"}
[2021-03-22 14:03:52.495] [exthost] [info] ExtensionService#loadCommonJSModule file:///usr/share/code/resources/app/extensions/microsoft-authentication/dist/extension.js
[2021-03-22 14:03:52.501] [exthost] [info] ExtensionService#_doActivateExtension ms-vsliveshare.vsliveshare {"startup":false,"extensionId":{"value":"ms-vsliveshare.vsliveshare","_lower":"ms-vsliveshare.vsliveshare"},"activationEvent":"onFileSystem:vsls"}
[2021-03-22 14:03:52.502] [exthost] [info] ExtensionService#loadCommonJSModule file:///home/zejr/.vscode/extensions/ms-vsliveshare.vsliveshare-1.0.3968/out/prod/extension-prod
[2021-03-22 14:03:52.591] [exthost] [info] ExtensionService#_doActivateExtension vscode.debug-auto-launch {"startup":true,"extensionId":{"value":"vscode.debug-auto-launch","_lower":"vscode.debug-auto-launch"},"activationEvent":"*"}
[2021-03-22 14:03:52.591] [exthost] [info] ExtensionService#loadCommonJSModule file:///usr/share/code/resources/app/extensions/debug-auto-launch/dist/extension
[2021-03-22 14:03:52.593] [exthost] [info] ExtensionService#_doActivateExtension vscode.git {"startup":true,"extensionId":{"value":"vscode.github","_lower":"vscode.github"},"activationEvent":"*"}
[2021-03-22 14:03:52.593] [exthost] [info] ExtensionService#loadCommonJSModule file:///usr/share/code/resources/app/extensions/git/dist/main
[2021-03-22 14:03:52.618] [exthost] [info] ExtensionService#_doActivateExtension kiteco.kite {"startup":true,"extensionId":{"value":"kiteco.kite","_lower":"kiteco.kite"},"activationEvent":"*"}
[2021-03-22 14:03:52.618] [exthost] [info] ExtensionService#loadCommonJSModule file:///home/zejr/.vscode/extensions/kiteco.kite-0.142.0/dist/kite-extension
[2021-03-22 14:03:52.713] [exthost] [info] ExtensionService#_doActivateExtension ms-vscode.js-debug {"startup":false,"extensionId":{"value":"ms-vscode.js-debug","_lower":"ms-vscode.js-debug"},"activationEvent":"onCommand:extension.js-debug.clearAutoAttachVariables"}
[2021-03-22 14:03:52.713] [exthost] [info] ExtensionService#loadCommonJSModule file:///usr/share/code/resources/app/extensions/ms-vscode.js-debug/src/extension.js
[2021-03-22 14:03:52.779] [exthost] [info] ExtensionService#_doActivateExtension vscode.github {"startup":false,"extensionId":{"value":"vscode.github","_lower":"vscode.github"},"activationEvent":"*"}
[2021-03-22 14:03:52.779] [exthost] [info] ExtensionService#loadCommonJSModule file:///usr/share/code/resources/app/extensions/github/dist/extension.js
[2021-03-22 14:03:52.815] [exthost] [info] ExtensionService#_doActivateExtension vscode.github-authentication {"startup":false,"extensionId":{"value":"vscode.github-authentication","_lower":"vscode.github-authentication"},"activationEvent":"onAuthenticationRequest:github"}
[2021-03-22 14:03:52.815] [exthost] [info] ExtensionService#loadCommonJSModule file:///usr/share/code/resources/app/extensions/github-authentication/dist/extension.js
[2021-03-22 14:03:53.099] [exthost] [info] eager extensions activated
[2021-03-22 14:03:53.208] [exthost] [info] ExtensionService#_doActivateExtension vscode.emmet {"startup":false,"extensionId":{"value":"vscode.emmet","_lower":"vscode.emmet"},"activationEvent":"onStartupFinished"}
[2021-03-22 14:03:53.208] [exthost] [info] ExtensionService#loadCommonJSModule file:///usr/share/code/resources/app/extensions/emmet/dist/node/emmetNodeMain
[2021-03-22 14:03:53.214] [exthost] [info] ExtensionService#_doActivateExtension vscode.merge-conflict {"startup":false,"extensionId":{"value":"vscode.merge-conflict","_lower":"vscode.merge-conflict"},"activationEvent":"onStartupFinished"}
[2021-03-22 14:03:53.214] [exthost] [info] ExtensionService#loadCommonJSModule file:///usr/share/code/resources/app/extensions/merge-conflict/dist/mergeConflictMain
[2021-03-22 14:03:53.217] [exthost] [info] ExtensionService#_doActivateExtension vscode.testing-editor-contributions {"startup":false,"extensionId":{"value":"vscode.testing-editor-contributions","_lower":"vscode.testing-editor-contributions"},"activationEvent":"onStartupFinished"}
[2021-03-22 14:03:53.217] [exthost] [info] ExtensionService#loadCommonJSModule file:///usr/share/code/resources/app/extensions/testing-editor-contributions/dist/extension.js
[2021-03-22 14:03:53.218] [exthost] [info] ExtensionService#_doActivateExtension ms-vscode-remote.remote-containers {"startup":false,"extensionId":{"value":"ms-vscode-remote.remote-containers","_lower":"ms-vscode-remote.remote-containers"},"activationEvent":"onStartupFinished"}
[2021-03-22 14:03:53.218] [exthost] [info] ExtensionService#loadCommonJSModule file:///home/zejr/.vscode/extensions/ms-vscode-remote.remote-containers-0.163.2/dist/extension/extension
[2021-03-22 14:06:01.843] [exthost] [info] ExtensionService#_doActivateExtension vscode.simple-browser {"startup":false,"extensionId":{"value":"vscode.simple-browser","_lower":"vscode.simple-browser"},"activationEvent":"onOpenExternalUri:https"}
[2021-03-22 14:06:01.843] [exthost] [info] ExtensionService#loadCommonJSModule file:///usr/share/code/resources/app/extensions/simple-browser/dist/extension
[2021-03-22 14:06:40.186] [exthost] [info] extension host terminating: received terminate message from renderer
[2021-03-22 14:06:45.207] [exthost] [info] exiting with code 0
